#
# There is insufficient memory for the Java Runtime Environment to continue.
# Native memory allocation (malloc) failed to allocate 1048576 bytes for AllocateHeap
# Possible reasons:
#   The system is out of physical RAM or swap space
#   In 32 bit mode, the process size limit was hit
# Possible solutions:
#   Reduce memory load on the system
#   Increase physical memory or swap space
#   Check if swap backing store is full
#   Use 64 bit Java on a 64 bit OS
#   Decrease Java heap size (-Xmx/-Xms)
#   Decrease number of Java threads
#   Decrease Java thread stack sizes (-Xss)
#   Set larger code cache with -XX:ReservedCodeCacheSize=
# This output file may be truncated or incomplete.
#
#  Out of Memory Error (memory/allocation.inline.hpp:61), pid=4160, tid=1156
#
# JRE version:  (8.0_51-b16) (build )
# Java VM: Java HotSpot(TM) 64-Bit Server VM (25.51-b03 mixed mode windows-amd64 compressed oops)
# Failed to write core dump. Minidumps are not enabled by default on client versions of Windows
#

---------------  T H R E A D  ---------------

Current thread (0x00000000027e0800):  JavaThread "Unknown thread" [_thread_in_vm, id=1156, stack(0x00000000026e0000,0x00000000027e0000)]

Stack: [0x00000000026e0000,0x00000000027e0000]
Native frames: (J=compiled Java code, j=interpreted, Vv=VM code, C=native code)
V  [jvm.dll+0x32b4ca]


---------------  P R O C E S S  ---------------

Java Threads: ( => current thread )

Other Threads:

=>0x00000000027e0800 (exited) JavaThread "Unknown thread" [_thread_in_vm, id=1156, stack(0x00000000026e0000,0x00000000027e0000)]

VM state:not at safepoint (normal execution)

VM Mutex/Monitor currently owned by a thread: None

Heap:
 PSYoungGen      total 37888K, used 655K [0x00000000eab00000, 0x00000000ed500000, 0x0000000100000000)
  eden space 32768K, 2% used [0x00000000eab00000,0x00000000eaba3d80,0x00000000ecb00000)
  from space 5120K, 0% used [0x00000000ed000000,0x00000000ed000000,0x00000000ed500000)
  to   space 5120K, 0% used [0x00000000ecb00000,0x00000000ecb00000,0x00000000ed000000)
 ParOldGen       total 86016K, used 0K [0x00000000c0000000, 0x00000000c5400000, 0x00000000eab00000)
  object space 86016K, 0% used [0x00000000c0000000,0x00000000c0000000,0x00000000c5400000)
 Metaspace       used 766K, capacity 4480K, committed 4480K, reserved 1056768K
  class space    used 75K, capacity 384K, committed 384K, reserved 1048576K

Card table byte_map: [0x0000000011ca0000,0x0000000011eb0000] byte_map_base: 0x00000000116a0000

Marking Bits: (ParMarkBitMap*) 0x000000006bdb4040
 Begin Bits: [0x0000000012410000, 0x0000000013410000)
 End Bits:   [0x0000000013410000, 0x0000000014410000)

Polling page: 0x0000000002260000

CodeCache: size=245760Kb used=328Kb max_used=328Kb free=245431Kb
 bounds [0x00000000028e0000, 0x0000000002b50000, 0x00000000118e0000]
 total_blobs=57 nmethods=0 adapters=37
 compilation: enabled

Compilation events (0 events):
No events

GC Heap History (0 events):
No events

Deoptimization events (0 events):
No events

Internal exceptions (0 events):
No events

Events (10 events):
Event: 0.020 loading class java/lang/Short
Event: 0.021 loading class java/lang/Short done
Event: 0.021 loading class java/lang/Integer
Event: 0.021 loading class java/lang/Integer done
Event: 0.021 loading class java/lang/Long
Event: 0.021 loading class java/lang/Long done
Event: 0.021 loading class java/lang/NullPointerException
Event: 0.021 loading class java/lang/NullPointerException done
Event: 0.021 loading class java/lang/ArithmeticException
Event: 0.021 loading class java/lang/ArithmeticException done


Dynamic libraries:
0x000007f6c06c0000 - 0x000007f6c06f7000 	C:\Program Files\Java\jdk1.8.0_51\bin\java.exe
0x000007fc6e870000 - 0x000007fc6ea2e000 	C:\Windows\SYSTEM32\ntdll.dll
0x000007fc6e330000 - 0x000007fc6e467000 	C:\Windows\system32\KERNEL32.DLL
0x000007fc6bb40000 - 0x000007fc6bc34000 	C:\Windows\system32\KERNELBASE.dll
0x000007fc6c6f0000 - 0x000007fc6c7ce000 	C:\Windows\system32\ADVAPI32.dll
0x000007fc6e010000 - 0x000007fc6e15c000 	C:\Windows\system32\USER32.dll
0x000007fc68090000 - 0x000007fc682fa000 	C:\Windows\WinSxS\amd64_microsoft.windows.common-controls_6595b64144ccf1df_6.0.9200.17359_none_4188b989718cf1c6\COMCTL32.dll
0x000007fc6def0000 - 0x000007fc6df95000 	C:\Windows\system32\msvcrt.dll
0x000007fc6e820000 - 0x000007fc6e868000 	C:\Windows\SYSTEM32\sechost.dll
0x000007fc6c420000 - 0x000007fc6c565000 	C:\Windows\system32\RPCRT4.dll
0x000007fc6bc40000 - 0x000007fc6bd81000 	C:\Windows\system32\GDI32.dll
0x000007fc6e470000 - 0x000007fc6e4a9000 	C:\Windows\system32\IMM32.DLL
0x000007fc6dd60000 - 0x000007fc6de75000 	C:\Windows\system32\MSCTF.dll
0x000000006b130000 - 0x000000006b202000 	C:\Program Files\Java\jdk1.8.0_51\jre\bin\msvcr100.dll
0x000000006b5b0000 - 0x000000006be33000 	C:\Program Files\Java\jdk1.8.0_51\jre\bin\server\jvm.dll
0x000007fc63340000 - 0x000007fc63349000 	C:\Windows\SYSTEM32\WSOCK32.dll
0x000007fc68b00000 - 0x000007fc68b20000 	C:\Windows\SYSTEM32\WINMM.dll
0x000007fc68b20000 - 0x000007fc68b29000 	C:\Windows\SYSTEM32\VERSION.dll
0x000007fc6c1f0000 - 0x000007fc6c1f7000 	C:\Windows\system32\PSAPI.DLL
0x000007fc6de90000 - 0x000007fc6dee8000 	C:\Windows\system32\WS2_32.dll
0x000007fc68a70000 - 0x000007fc68aa3000 	C:\Windows\SYSTEM32\WINMMBASE.dll
0x000007fc6e6e0000 - 0x000007fc6e6e9000 	C:\Windows\system32\NSI.dll
0x000007fc6b7b0000 - 0x000007fc6b7ff000 	C:\Windows\SYSTEM32\cfgmgr32.dll
0x000007fc6ba00000 - 0x000007fc6ba22000 	C:\Windows\system32\DEVOBJ.dll
0x000000006b5a0000 - 0x000000006b5af000 	C:\Program Files\Java\jdk1.8.0_51\jre\bin\verify.dll
0x000000006b570000 - 0x000000006b599000 	C:\Program Files\Java\jdk1.8.0_51\jre\bin\java.dll
0x000000006b550000 - 0x000000006b566000 	C:\Program Files\Java\jdk1.8.0_51\jre\bin\zip.dll
0x000007fc59290000 - 0x000007fc593f3000 	C:\Windows\SYSTEM32\dbghelp.dll

VM Arguments:
jvm_args: -Xmx1024M -Dfile.encoding=GBK -Duser.country=CN -Duser.language=zh -Duser.variant 
java_command: com.android.dx.command.Main --dex --output D:\android project\Schedule\app\build\intermediates\dex\debug D:\android project\Schedule\app\build\intermediates\classes\debug
java_class_path (initial): D:\User\user5\AppData\Local\Android\android-sdk\build-tools\22.0.1\lib\dx.jar
Launcher Type: SUN_STANDARD

Environment Variables:
JAVA_HOME=C:\Program Files\Java\jdk1.8.0_51
PATH=C:\ProgramData\Oracle\Java\javapath;C:\Windows\system32;C:\Windows;C:\Windows\System32\Wbem;C:\Windows\System32\WindowsPowerShell\v1.0\;C:\Program Files (x86)\NVIDIA Corporation\PhysX\Common,C:\Program Files\Java\jdk1.8.0_51\bin;D:\User\user5\AppData\Local\Android\android-sdk\platform-tools
USERNAME=user05
OS=Windows_NT
PROCESSOR_IDENTIFIER=Intel64 Family 6 Model 60 Stepping 3, GenuineIntel



---------------  S Y S T E M  ---------------

OS: Windows 8 , 64 bit Build 9200 (6.2.9200.16859)

CPU:total 4 (2 cores per cpu, 2 threads per core) family 6 model 60 stepping 3, cmov, cx8, fxsr, mmx, sse, sse2, sse3, ssse3, sse4.1, sse4.2, popcnt, avx, avx2, aes, clmul, erms, lzcnt, ht, tsc, tscinvbit, bmi1, bmi2

Memory: 4k page, physical 8197212k(3525780k free), swap 8721500k(5108k free)

vm_info: Java HotSpot(TM) 64-Bit Server VM (25.51-b03) for windows-amd64 JRE (1.8.0_51-b16), built on Jun  8 2015 18:03:07 by "java_re" with MS VC++ 10.0 (VS2010)

time: Tue Oct 06 00:06:52 2015
elapsed time: 0 seconds (0d 0h 0m 0s)

